<?xml version="1.0" encoding="UTF-8"?>
<!-- Generated by org.testng.reporters.JUnitReportReporter -->
<testsuite skipped="0" hostname="DESKTOP-DVV9FMC" name="Chrome.ESBCookies.baseTest" tests="1" failures="0" timestamp="2020-08-18T09:54:15 BST" time="36.572" errors="0">
  <testcase name="scenario1" time="36.572" classname="Chrome.ESBCookies.baseTest"/>
  <system-out/>
</testsuite> <!-- Chrome.ESBCookies.baseTest -->
